<?xml version="1.0" encoding="UTF-8"?>
<testng-results skipped="0" failed="1" total="37" passed="36">
  <reporter-output>
  </reporter-output>
  <suite name="Suite" duration-ms="1548273" started-at="2017-01-24T18:02:56Z" finished-at="2017-01-24T18:28:44Z">
    <groups>
    </groups>
    <test name="Test" duration-ms="1548273" started-at="2017-01-24T18:02:56Z" finished-at="2017-01-24T18:28:44Z">
      <class name="dcaCmsTests.NPI_SortBySyncDate">
        <test-method status="PASS" signature="openBrowser()[pri:0, instance:dcaCmsTests.NPI_SortBySyncDate@17246de]" name="openBrowser" is-config="true" duration-ms="11090" started-at="2017-01-24T23:47:40Z" finished-at="2017-01-24T23:47:51Z">
          <reporter-output>
          </reporter-output>
        </test-method> <!-- openBrowser -->
        <test-method status="PASS" signature="sortBySyncDate()[pri:0, instance:dcaCmsTests.NPI_SortBySyncDate@17246de]" name="sortBySyncDate" duration-ms="29326" started-at="2017-01-24T23:47:51Z" finished-at="2017-01-24T23:48:21Z">
          <reporter-output>
          </reporter-output>
        </test-method> <!-- sortBySyncDate -->
        <test-method status="PASS" signature="closeBrowser()[pri:0, instance:dcaCmsTests.NPI_SortBySyncDate@17246de]" name="closeBrowser" is-config="true" duration-ms="434" started-at="2017-01-24T23:48:21Z" finished-at="2017-01-24T23:48:21Z">
          <reporter-output>
          </reporter-output>
        </test-method> <!-- closeBrowser -->
      </class> <!-- dcaCmsTests.NPI_SortBySyncDate -->
      <class name="dcaCmsTests.CountryAlias_DeleteRow">
        <test-method status="PASS" signature="openBrowser()[pri:0, instance:dcaCmsTests.CountryAlias_DeleteRow@ee9593]" name="openBrowser" is-config="true" duration-ms="10995" started-at="2017-01-24T23:36:49Z" finished-at="2017-01-24T23:37:00Z">
          <reporter-output>
          </reporter-output>
        </test-method> <!-- openBrowser -->
        <test-method status="PASS" signature="deleteRow()[pri:0, instance:dcaCmsTests.CountryAlias_DeleteRow@ee9593]" name="deleteRow" duration-ms="38195" started-at="2017-01-24T23:37:00Z" finished-at="2017-01-24T23:37:38Z">
          <reporter-output>
          </reporter-output>
        </test-method> <!-- deleteRow -->
        <test-method status="PASS" signature="closeBrowser()[pri:0, instance:dcaCmsTests.CountryAlias_DeleteRow@ee9593]" name="closeBrowser" is-config="true" duration-ms="371" started-at="2017-01-24T23:37:38Z" finished-at="2017-01-24T23:37:38Z">
          <reporter-output>
          </reporter-output>
        </test-method> <!-- closeBrowser -->
      </class> <!-- dcaCmsTests.CountryAlias_DeleteRow -->
      <class name="dcaCmsTests.NPI_SortByCountryPhotoSend">
        <test-method status="PASS" signature="openBrowser()[pri:0, instance:dcaCmsTests.NPI_SortByCountryPhotoSend@9d209a]" name="openBrowser" is-config="true" duration-ms="10823" started-at="2017-01-24T23:46:22Z" finished-at="2017-01-24T23:46:33Z">
          <reporter-output>
          </reporter-output>
        </test-method> <!-- openBrowser -->
        <test-method status="PASS" signature="sortByCountryPhotoSend()[pri:0, instance:dcaCmsTests.NPI_SortByCountryPhotoSend@9d209a]" name="sortByCountryPhotoSend" duration-ms="28101" started-at="2017-01-24T23:46:33Z" finished-at="2017-01-24T23:47:01Z">
          <reporter-output>
          </reporter-output>
        </test-method> <!-- sortByCountryPhotoSend -->
        <test-method status="PASS" signature="closeBrowser()[pri:0, instance:dcaCmsTests.NPI_SortByCountryPhotoSend@9d209a]" name="closeBrowser" is-config="true" duration-ms="370" started-at="2017-01-24T23:47:01Z" finished-at="2017-01-24T23:47:01Z">
          <reporter-output>
          </reporter-output>
        </test-method> <!-- closeBrowser -->
      </class> <!-- dcaCmsTests.NPI_SortByCountryPhotoSend -->
      <class name="dcaCmsTests.NPI_SearchByBarcode">
        <test-method status="PASS" signature="openBrowser()[pri:0, instance:dcaCmsTests.NPI_SearchByBarcode@16216b3]" name="openBrowser" is-config="true" duration-ms="9995" started-at="2017-01-24T23:49:01Z" finished-at="2017-01-24T23:49:11Z">
          <reporter-output>
          </reporter-output>
        </test-method> <!-- openBrowser -->
        <test-method status="PASS" signature="searchByBarcode()[pri:0, instance:dcaCmsTests.NPI_SearchByBarcode@16216b3]" name="searchByBarcode" duration-ms="32803" started-at="2017-01-24T23:49:11Z" finished-at="2017-01-24T23:49:44Z">
          <reporter-output>
          </reporter-output>
        </test-method> <!-- searchByBarcode -->
        <test-method status="PASS" signature="closeBrowser()[pri:0, instance:dcaCmsTests.NPI_SearchByBarcode@16216b3]" name="closeBrowser" is-config="true" duration-ms="356" started-at="2017-01-24T23:49:44Z" finished-at="2017-01-24T23:49:45Z">
          <reporter-output>
          </reporter-output>
        </test-method> <!-- closeBrowser -->
      </class> <!-- dcaCmsTests.NPI_SearchByBarcode -->
      <class name="dcaCmsTests.NPI_SortBYLatitude">
        <test-method status="PASS" signature="openBrowser()[pri:0, instance:dcaCmsTests.NPI_SortBYLatitude@5bef66]" name="openBrowser" is-config="true" duration-ms="11114" started-at="2017-01-24T23:43:08Z" finished-at="2017-01-24T23:43:19Z">
          <reporter-output>
          </reporter-output>
        </test-method> <!-- openBrowser -->
        <test-method status="PASS" signature="sortByLatitude()[pri:0, instance:dcaCmsTests.NPI_SortBYLatitude@5bef66]" name="sortByLatitude" duration-ms="27327" started-at="2017-01-24T23:43:19Z" finished-at="2017-01-24T23:43:46Z">
          <reporter-output>
          </reporter-output>
        </test-method> <!-- sortByLatitude -->
        <test-method status="PASS" signature="closeBrowser()[pri:0, instance:dcaCmsTests.NPI_SortBYLatitude@5bef66]" name="closeBrowser" is-config="true" duration-ms="423" started-at="2017-01-24T23:43:46Z" finished-at="2017-01-24T23:43:47Z">
          <reporter-output>
          </reporter-output>
        </test-method> <!-- closeBrowser -->
      </class> <!-- dcaCmsTests.NPI_SortBYLatitude -->
      <class name="dcaCmsTests.CountryAlias">
        <test-method status="PASS" signature="openBrowser()[pri:0, instance:dcaCmsTests.CountryAlias@340fab]" name="openBrowser" is-config="true" duration-ms="17871" started-at="2017-01-24T23:34:03Z" finished-at="2017-01-24T23:34:21Z">
          <reporter-output>
          </reporter-output>
        </test-method> <!-- openBrowser -->
        <test-method status="PASS" signature="countryAlias()[pri:0, instance:dcaCmsTests.CountryAlias@340fab]" name="countryAlias" duration-ms="15821" started-at="2017-01-24T23:34:21Z" finished-at="2017-01-24T23:34:37Z">
          <reporter-output>
          </reporter-output>
        </test-method> <!-- countryAlias -->
        <test-method status="PASS" signature="closeBrowser()[pri:0, instance:dcaCmsTests.CountryAlias@340fab]" name="closeBrowser" is-config="true" duration-ms="365" started-at="2017-01-24T23:34:37Z" finished-at="2017-01-24T23:34:37Z">
          <reporter-output>
          </reporter-output>
        </test-method> <!-- closeBrowser -->
      </class> <!-- dcaCmsTests.CountryAlias -->
      <class name="dcaCmsTests.NPI_SearchByIsSynchronized">
        <test-method status="PASS" signature="openBrowser()[pri:0, instance:dcaCmsTests.NPI_SearchByIsSynchronized@1ccaa]" name="openBrowser" is-config="true" duration-ms="10495" started-at="2017-01-24T23:55:42Z" finished-at="2017-01-24T23:55:53Z">
          <reporter-output>
          </reporter-output>
        </test-method> <!-- openBrowser -->
        <test-method status="PASS" signature="searchByIsSynchronized()[pri:0, instance:dcaCmsTests.NPI_SearchByIsSynchronized@1ccaa]" name="searchByIsSynchronized" duration-ms="35015" started-at="2017-01-24T23:55:53Z" finished-at="2017-01-24T23:56:28Z">
          <reporter-output>
          </reporter-output>
        </test-method> <!-- searchByIsSynchronized -->
        <test-method status="PASS" signature="closeBrowser()[pri:0, instance:dcaCmsTests.NPI_SearchByIsSynchronized@1ccaa]" name="closeBrowser" is-config="true" duration-ms="302" started-at="2017-01-24T23:56:28Z" finished-at="2017-01-24T23:56:28Z">
          <reporter-output>
          </reporter-output>
        </test-method> <!-- closeBrowser -->
      </class> <!-- dcaCmsTests.NPI_SearchByIsSynchronized -->
      <class name="dcaCmsTests.NPI_SearchByComment">
        <test-method status="PASS" signature="openBrowser()[pri:0, instance:dcaCmsTests.NPI_SearchByComment@1f37ef1]" name="openBrowser" is-config="true" duration-ms="12430" started-at="2017-01-24T23:55:04Z" finished-at="2017-01-24T23:55:16Z">
          <reporter-output>
          </reporter-output>
        </test-method> <!-- openBrowser -->
        <test-method status="PASS" signature="SearchByComment()[pri:0, instance:dcaCmsTests.NPI_SearchByComment@1f37ef1]" name="SearchByComment" duration-ms="25264" started-at="2017-01-24T23:55:16Z" finished-at="2017-01-24T23:55:42Z">
          <reporter-output>
          </reporter-output>
        </test-method> <!-- SearchByComment -->
        <test-method status="PASS" signature="closeBrowser()[pri:0, instance:dcaCmsTests.NPI_SearchByComment@1f37ef1]" name="closeBrowser" is-config="true" duration-ms="429" started-at="2017-01-24T23:55:42Z" finished-at="2017-01-24T23:55:42Z">
          <reporter-output>
          </reporter-output>
        </test-method> <!-- closeBrowser -->
      </class> <!-- dcaCmsTests.NPI_SearchByComment -->
      <class name="dcaCmsTests.NPI_SearchBySyncDate">
        <test-method status="PASS" signature="openBrowser()[pri:0, instance:dcaCmsTests.NPI_SearchBySyncDate@1c7db30]" name="openBrowser" is-config="true" duration-ms="10355" started-at="2017-01-24T23:56:28Z" finished-at="2017-01-24T23:56:38Z">
          <reporter-output>
          </reporter-output>
        </test-method> <!-- openBrowser -->
        <test-method status="PASS" signature="SearchBySyncDate()[pri:0, instance:dcaCmsTests.NPI_SearchBySyncDate@1c7db30]" name="SearchBySyncDate" duration-ms="29382" started-at="2017-01-24T23:56:38Z" finished-at="2017-01-24T23:57:08Z">
          <reporter-output>
          </reporter-output>
        </test-method> <!-- SearchBySyncDate -->
        <test-method status="PASS" signature="closeBrowser()[pri:0, instance:dcaCmsTests.NPI_SearchBySyncDate@1c7db30]" name="closeBrowser" is-config="true" duration-ms="379" started-at="2017-01-24T23:57:08Z" finished-at="2017-01-24T23:57:08Z">
          <reporter-output>
          </reporter-output>
        </test-method> <!-- closeBrowser -->
      </class> <!-- dcaCmsTests.NPI_SearchBySyncDate -->
      <class name="dcaCmsTests.NPI_SortByDateImageTaken">
        <test-method status="PASS" signature="openBrowser()[pri:0, instance:dcaCmsTests.NPI_SortByDateImageTaken@33ce2c]" name="openBrowser" is-config="true" duration-ms="11273" started-at="2017-01-24T23:42:30Z" finished-at="2017-01-24T23:42:41Z">
          <reporter-output>
          </reporter-output>
        </test-method> <!-- openBrowser -->
        <test-method status="PASS" signature="sortByDateImageTaken()[pri:0, instance:dcaCmsTests.NPI_SortByDateImageTaken@33ce2c]" name="sortByDateImageTaken" duration-ms="26501" started-at="2017-01-24T23:42:41Z" finished-at="2017-01-24T23:43:07Z">
          <reporter-output>
          </reporter-output>
        </test-method> <!-- sortByDateImageTaken -->
        <test-method status="PASS" signature="closeBrowser()[pri:0, instance:dcaCmsTests.NPI_SortByDateImageTaken@33ce2c]" name="closeBrowser" is-config="true" duration-ms="725" started-at="2017-01-24T23:43:07Z" finished-at="2017-01-24T23:43:08Z">
          <reporter-output>
          </reporter-output>
        </test-method> <!-- closeBrowser -->
      </class> <!-- dcaCmsTests.NPI_SortByDateImageTaken -->
      <class name="dcaCmsTests.CountryAlias_PageSearch">
        <test-method status="PASS" signature="openBrowser()[pri:0, instance:dcaCmsTests.CountryAlias_PageSearch@afb23c]" name="openBrowser" is-config="true" duration-ms="10852" started-at="2017-01-24T23:34:37Z" finished-at="2017-01-24T23:34:48Z">
          <reporter-output>
          </reporter-output>
        </test-method> <!-- openBrowser -->
        <test-method status="PASS" signature="pageSearch()[pri:0, instance:dcaCmsTests.CountryAlias_PageSearch@afb23c]" name="pageSearch" duration-ms="23382" started-at="2017-01-24T23:34:48Z" finished-at="2017-01-24T23:35:11Z">
          <reporter-output>
          </reporter-output>
        </test-method> <!-- pageSearch -->
        <test-method status="PASS" signature="closeBrowser()[pri:0, instance:dcaCmsTests.CountryAlias_PageSearch@afb23c]" name="closeBrowser" is-config="true" duration-ms="456" started-at="2017-01-24T23:35:11Z" finished-at="2017-01-24T23:35:12Z">
          <reporter-output>
          </reporter-output>
        </test-method> <!-- closeBrowser -->
      </class> <!-- dcaCmsTests.CountryAlias_PageSearch -->
      <class name="dcaCmsTests.NPI_SearchBySendDate">
        <test-method status="PASS" signature="openBrowser()[pri:0, instance:dcaCmsTests.NPI_SearchBySendDate@c6a292]" name="openBrowser" is-config="true" duration-ms="10950" started-at="2017-01-24T23:52:18Z" finished-at="2017-01-24T23:52:29Z">
          <reporter-output>
          </reporter-output>
        </test-method> <!-- openBrowser -->
        <test-method status="PASS" signature="searchBySendDate()[pri:0, instance:dcaCmsTests.NPI_SearchBySendDate@c6a292]" name="searchBySendDate" duration-ms="28444" started-at="2017-01-24T23:52:29Z" finished-at="2017-01-24T23:52:58Z">
          <reporter-output>
          </reporter-output>
        </test-method> <!-- searchBySendDate -->
        <test-method status="PASS" signature="closeBrowser()[pri:0, instance:dcaCmsTests.NPI_SearchBySendDate@c6a292]" name="closeBrowser" is-config="true" duration-ms="459" started-at="2017-01-24T23:52:58Z" finished-at="2017-01-24T23:52:58Z">
          <reporter-output>
          </reporter-output>
        </test-method> <!-- closeBrowser -->
      </class> <!-- dcaCmsTests.NPI_SearchBySendDate -->
      <class name="dcaCmsTests.NPI_SearchByEmailPhotoTaken">
        <test-method status="PASS" signature="openBrowser()[pri:0, instance:dcaCmsTests.NPI_SearchByEmailPhotoTaken@c0663d]" name="openBrowser" is-config="true" duration-ms="10603" started-at="2017-01-24T23:50:58Z" finished-at="2017-01-24T23:51:09Z">
          <reporter-output>
          </reporter-output>
        </test-method> <!-- openBrowser -->
        <test-method status="PASS" signature="searchByEmailPhotoTaken()[pri:0, instance:dcaCmsTests.NPI_SearchByEmailPhotoTaken@c0663d]" name="searchByEmailPhotoTaken" duration-ms="27848" started-at="2017-01-24T23:51:09Z" finished-at="2017-01-24T23:51:37Z">
          <reporter-output>
          </reporter-output>
        </test-method> <!-- searchByEmailPhotoTaken -->
        <test-method status="PASS" signature="closeBrowser()[pri:0, instance:dcaCmsTests.NPI_SearchByEmailPhotoTaken@c0663d]" name="closeBrowser" is-config="true" duration-ms="405" started-at="2017-01-24T23:51:37Z" finished-at="2017-01-24T23:51:37Z">
          <reporter-output>
          </reporter-output>
        </test-method> <!-- closeBrowser -->
      </class> <!-- dcaCmsTests.NPI_SearchByEmailPhotoTaken -->
      <class name="dcaCmsTests.NPI_PageNumberButtonClick">
        <test-method status="PASS" signature="openBrowser()[pri:0, instance:dcaCmsTests.NPI_PageNumberButtonClick@1e0f4f]" name="openBrowser" is-config="true" duration-ms="10679" started-at="2017-01-24T23:39:11Z" finished-at="2017-01-24T23:39:22Z">
          <reporter-output>
          </reporter-output>
        </test-method> <!-- openBrowser -->
        <test-method status="PASS" signature="pageNumberButtonClick()[pri:0, instance:dcaCmsTests.NPI_PageNumberButtonClick@1e0f4f]" name="pageNumberButtonClick" duration-ms="45017" started-at="2017-01-24T23:39:22Z" finished-at="2017-01-24T23:40:07Z">
          <reporter-output>
          </reporter-output>
        </test-method> <!-- pageNumberButtonClick -->
        <test-method status="PASS" signature="closeBrowser()[pri:0, instance:dcaCmsTests.NPI_PageNumberButtonClick@1e0f4f]" name="closeBrowser" is-config="true" duration-ms="542" started-at="2017-01-24T23:40:07Z" finished-at="2017-01-24T23:40:08Z">
          <reporter-output>
          </reporter-output>
        </test-method> <!-- closeBrowser -->
      </class> <!-- dcaCmsTests.NPI_PageNumberButtonClick -->
      <class name="dcaCmsTests.NPI_SortByEmailPhotoSend">
        <test-method status="PASS" signature="openBrowser()[pri:0, instance:dcaCmsTests.NPI_SortByEmailPhotoSend@1851384]" name="openBrowser" is-config="true" duration-ms="11099" started-at="2017-01-24T23:45:43Z" finished-at="2017-01-24T23:45:54Z">
          <reporter-output>
          </reporter-output>
        </test-method> <!-- openBrowser -->
        <test-method status="PASS" signature="sortByEmailPhotoSend()[pri:0, instance:dcaCmsTests.NPI_SortByEmailPhotoSend@1851384]" name="sortByEmailPhotoSend" duration-ms="27981" started-at="2017-01-24T23:45:54Z" finished-at="2017-01-24T23:46:22Z">
          <reporter-output>
          </reporter-output>
        </test-method> <!-- sortByEmailPhotoSend -->
        <test-method status="PASS" signature="closeBrowser()[pri:0, instance:dcaCmsTests.NPI_SortByEmailPhotoSend@1851384]" name="closeBrowser" is-config="true" duration-ms="290" started-at="2017-01-24T23:46:22Z" finished-at="2017-01-24T23:46:22Z">
          <reporter-output>
          </reporter-output>
        </test-method> <!-- closeBrowser -->
      </class> <!-- dcaCmsTests.NPI_SortByEmailPhotoSend -->
      <class name="dcaCmsTests.NPI_SearchByLongitude">
        <test-method status="PASS" signature="openBrowser()[pri:0, instance:dcaCmsTests.NPI_SearchByLongitude@17b1517]" name="openBrowser" is-config="true" duration-ms="10321" started-at="2017-01-24T23:50:23Z" finished-at="2017-01-24T23:50:33Z">
          <reporter-output>
          </reporter-output>
        </test-method> <!-- openBrowser -->
        <test-method status="PASS" signature="searchByLongitude()[pri:0, instance:dcaCmsTests.NPI_SearchByLongitude@17b1517]" name="searchByLongitude" duration-ms="24515" started-at="2017-01-24T23:50:33Z" finished-at="2017-01-24T23:50:58Z">
          <reporter-output>
          </reporter-output>
        </test-method> <!-- searchByLongitude -->
        <test-method status="PASS" signature="closeBrowser()[pri:0, instance:dcaCmsTests.NPI_SearchByLongitude@17b1517]" name="closeBrowser" is-config="true" duration-ms="327" started-at="2017-01-24T23:50:58Z" finished-at="2017-01-24T23:50:58Z">
          <reporter-output>
          </reporter-output>
        </test-method> <!-- closeBrowser -->
      </class> <!-- dcaCmsTests.NPI_SearchByLongitude -->
      <class name="dcaCmsTests.CountryAlias_AddRow">
        <test-method status="PASS" signature="openBrowser()[pri:0, instance:dcaCmsTests.CountryAlias_AddRow@180d80f]" name="openBrowser" is-config="true" duration-ms="11696" started-at="2017-01-24T23:35:12Z" finished-at="2017-01-24T23:35:23Z">
          <reporter-output>
          </reporter-output>
        </test-method> <!-- openBrowser -->
        <test-method status="PASS" signature="addRow()[pri:0, instance:dcaCmsTests.CountryAlias_AddRow@180d80f]" name="addRow" duration-ms="28859" started-at="2017-01-24T23:35:23Z" finished-at="2017-01-24T23:35:52Z">
          <reporter-output>
          </reporter-output>
        </test-method> <!-- addRow -->
        <test-method status="PASS" signature="closeBrowser()[pri:0, instance:dcaCmsTests.CountryAlias_AddRow@180d80f]" name="closeBrowser" is-config="true" duration-ms="564" started-at="2017-01-24T23:35:52Z" finished-at="2017-01-24T23:35:53Z">
          <reporter-output>
          </reporter-output>
        </test-method> <!-- closeBrowser -->
      </class> <!-- dcaCmsTests.CountryAlias_AddRow -->
      <class name="dcaCmsTests.NPI_SortById">
        <test-method status="PASS" signature="openBrowser()[pri:0, instance:dcaCmsTests.NPI_SortById@a6d14e]" name="openBrowser" is-config="true" duration-ms="10940" started-at="2017-01-24T23:41:01Z" finished-at="2017-01-24T23:41:12Z">
          <reporter-output>
          </reporter-output>
        </test-method> <!-- openBrowser -->
        <test-method status="PASS" signature="sortById()[pri:0, instance:dcaCmsTests.NPI_SortById@a6d14e]" name="sortById" duration-ms="31395" started-at="2017-01-24T23:41:12Z" finished-at="2017-01-24T23:41:44Z">
          <reporter-output>
          </reporter-output>
        </test-method> <!-- sortById -->
        <test-method status="PASS" signature="closeBrowser()[pri:0, instance:dcaCmsTests.NPI_SortById@a6d14e]" name="closeBrowser" is-config="true" duration-ms="407" started-at="2017-01-24T23:41:44Z" finished-at="2017-01-24T23:41:44Z">
          <reporter-output>
          </reporter-output>
        </test-method> <!-- closeBrowser -->
      </class> <!-- dcaCmsTests.NPI_SortById -->
      <class name="dcaCmsTests.NPI_SearchByCountryPhotoTaken">
        <test-method status="PASS" signature="openBrowser()[pri:0, instance:dcaCmsTests.NPI_SearchByCountryPhotoTaken@1223dd8]" name="openBrowser" is-config="true" duration-ms="10454" started-at="2017-01-24T23:51:37Z" finished-at="2017-01-24T23:51:47Z">
          <reporter-output>
          </reporter-output>
        </test-method> <!-- openBrowser -->
        <test-method status="PASS" signature="searchByCountryPhotoTaken()[pri:0, instance:dcaCmsTests.NPI_SearchByCountryPhotoTaken@1223dd8]" name="searchByCountryPhotoTaken" duration-ms="30537" started-at="2017-01-24T23:51:47Z" finished-at="2017-01-24T23:52:18Z">
          <reporter-output>
          </reporter-output>
        </test-method> <!-- searchByCountryPhotoTaken -->
        <test-method status="PASS" signature="closeBrowser()[pri:0, instance:dcaCmsTests.NPI_SearchByCountryPhotoTaken@1223dd8]" name="closeBrowser" is-config="true" duration-ms="490" started-at="2017-01-24T23:52:18Z" finished-at="2017-01-24T23:52:18Z">
          <reporter-output>
          </reporter-output>
        </test-method> <!-- closeBrowser -->
      </class> <!-- dcaCmsTests.NPI_SearchByCountryPhotoTaken -->
      <class name="dcaCmsTests.NPI_DataExportFunctionality">
        <test-method status="PASS" signature="openBrowser()[pri:0, instance:dcaCmsTests.NPI_DataExportFunctionality@1bb089b]" name="openBrowser" is-config="true" duration-ms="10163" started-at="2017-01-24T23:57:08Z" finished-at="2017-01-24T23:57:18Z">
          <reporter-output>
          </reporter-output>
        </test-method> <!-- openBrowser -->
        <test-method status="FAIL" signature="dataExportFunctionality()[pri:0, instance:dcaCmsTests.NPI_DataExportFunctionality@1bb089b]" name="dataExportFunctionality" duration-ms="56116" started-at="2017-01-24T23:57:18Z" finished-at="2017-01-24T23:58:14Z">
          <exception class="java.io.IOException">
            <message>
              <![CDATA[The filename, directory name, or volume label syntax is incorrect]]>
            </message>
            <full-stacktrace>
              <![CDATA[java.io.IOException: The filename, directory name, or volume label syntax is incorrect
	at java.io.WinNTFileSystem.canonicalize0(Native Method)
	at java.io.WinNTFileSystem.canonicalize(WinNTFileSystem.java:428)
	at java.io.File.getCanonicalPath(File.java:618)
	at org.apache.commons.io.FileUtils.copyFile(FileUtils.java:1079)
	at org.apache.commons.io.FileUtils.copyFile(FileUtils.java:1038)
	at dcaCmsBase.Utility.captureScreenShot(Unknown Source)
	at dcaCmsPages.NPI_Page.dataExportFunctionality(Unknown Source)
	at dcaCmsTests.NPI_DataExportFunctionality.dataExportFunctionality(Unknown Source)
	at sun.reflect.NativeMethodAccessorImpl.invoke0(Native Method)
	at sun.reflect.NativeMethodAccessorImpl.invoke(NativeMethodAccessorImpl.java:62)
	at sun.reflect.DelegatingMethodAccessorImpl.invoke(DelegatingMethodAccessorImpl.java:43)
	at java.lang.reflect.Method.invoke(Method.java:498)
	at org.testng.internal.MethodInvocationHelper.invokeMethod(MethodInvocationHelper.java:85)
	at org.testng.internal.Invoker.invokeMethod(Invoker.java:639)
	at org.testng.internal.Invoker.invokeTestMethod(Invoker.java:816)
	at org.testng.internal.Invoker.invokeTestMethods(Invoker.java:1124)
	at org.testng.internal.TestMethodWorker.invokeTestMethods(TestMethodWorker.java:125)
	at org.testng.internal.TestMethodWorker.run(TestMethodWorker.java:108)
	at org.testng.TestRunner.privateRun(TestRunner.java:774)
	at org.testng.TestRunner.run(TestRunner.java:624)
	at org.testng.SuiteRunner.runTest(SuiteRunner.java:359)
	at org.testng.SuiteRunner.runSequentially(SuiteRunner.java:354)
	at org.testng.SuiteRunner.privateRun(SuiteRunner.java:312)
	at org.testng.SuiteRunner.run(SuiteRunner.java:261)
	at org.testng.SuiteRunnerWorker.runSuite(SuiteRunnerWorker.java:52)
	at org.testng.SuiteRunnerWorker.run(SuiteRunnerWorker.java:86)
	at org.testng.TestNG.runSuitesSequentially(TestNG.java:1215)
	at org.testng.TestNG.runSuitesLocally(TestNG.java:1140)
	at org.testng.TestNG.run(TestNG.java:1048)
	at org.testng.TestNG.privateMain(TestNG.java:1355)
	at org.testng.TestNG.main(TestNG.java:1324)
]]>
            </full-stacktrace>
          </exception> <!-- java.io.IOException -->
          <reporter-output>
          </reporter-output>
        </test-method> <!-- dataExportFunctionality -->
        <test-method status="PASS" signature="closeBrowser()[pri:0, instance:dcaCmsTests.NPI_DataExportFunctionality@1bb089b]" name="closeBrowser" is-config="true" duration-ms="605" started-at="2017-01-24T23:58:14Z" finished-at="2017-01-24T23:58:15Z">
          <reporter-output>
          </reporter-output>
        </test-method> <!-- closeBrowser -->
      </class> <!-- dcaCmsTests.NPI_DataExportFunctionality -->
      <class name="dcaCmsTests.LoginFunctionality">
        <test-method status="PASS" signature="openBrowser()[pri:0, instance:dcaCmsTests.LoginFunctionality@1ffcba5]" name="openBrowser" is-config="true" duration-ms="23155" started-at="2017-01-24T23:32:56Z" finished-at="2017-01-24T23:33:19Z">
          <reporter-output>
          </reporter-output>
        </test-method> <!-- openBrowser -->
        <test-method status="PASS" signature="loginTest()[pri:1, instance:dcaCmsTests.LoginFunctionality@1ffcba5]" name="loginTest" duration-ms="16098" started-at="2017-01-24T23:33:19Z" finished-at="2017-01-24T23:33:35Z">
          <reporter-output>
          </reporter-output>
        </test-method> <!-- loginTest -->
        <test-method status="PASS" signature="closeBrowser()[pri:0, instance:dcaCmsTests.LoginFunctionality@1ffcba5]" name="closeBrowser" is-config="true" duration-ms="695" started-at="2017-01-24T23:33:35Z" finished-at="2017-01-24T23:33:36Z">
          <reporter-output>
          </reporter-output>
        </test-method> <!-- closeBrowser -->
        <test-method status="PASS" signature="openBrowser()[pri:0, instance:dcaCmsTests.LoginFunctionality@1ffcba5]" name="openBrowser" is-config="true" duration-ms="11670" started-at="2017-01-24T23:33:36Z" finished-at="2017-01-24T23:33:47Z">
          <reporter-output>
          </reporter-output>
        </test-method> <!-- openBrowser -->
        <test-method status="PASS" signature="loginTestInvalid()[pri:2, instance:dcaCmsTests.LoginFunctionality@1ffcba5]" name="loginTestInvalid" duration-ms="15438" started-at="2017-01-24T23:33:47Z" finished-at="2017-01-24T23:34:03Z">
          <reporter-output>
          </reporter-output>
        </test-method> <!-- loginTestInvalid -->
        <test-method status="PASS" signature="closeBrowser()[pri:0, instance:dcaCmsTests.LoginFunctionality@1ffcba5]" name="closeBrowser" is-config="true" duration-ms="251" started-at="2017-01-24T23:34:03Z" finished-at="2017-01-24T23:34:03Z">
          <reporter-output>
          </reporter-output>
        </test-method> <!-- closeBrowser -->
      </class> <!-- dcaCmsTests.LoginFunctionality -->
      <class name="dcaCmsTests.NPI_SearchByReceivedDate">
        <test-method status="PASS" signature="openBrowser()[pri:0, instance:dcaCmsTests.NPI_SearchByReceivedDate@140d5f0]" name="openBrowser" is-config="true" duration-ms="10464" started-at="2017-01-24T23:52:58Z" finished-at="2017-01-24T23:53:09Z">
          <reporter-output>
          </reporter-output>
        </test-method> <!-- openBrowser -->
        <test-method status="PASS" signature="searchByReceivedDate()[pri:0, instance:dcaCmsTests.NPI_SearchByReceivedDate@140d5f0]" name="searchByReceivedDate" duration-ms="31093" started-at="2017-01-24T23:53:09Z" finished-at="2017-01-24T23:53:40Z">
          <reporter-output>
          </reporter-output>
        </test-method> <!-- searchByReceivedDate -->
        <test-method status="PASS" signature="closeBrowser()[pri:0, instance:dcaCmsTests.NPI_SearchByReceivedDate@140d5f0]" name="closeBrowser" is-config="true" duration-ms="348" started-at="2017-01-24T23:53:40Z" finished-at="2017-01-24T23:53:40Z">
          <reporter-output>
          </reporter-output>
        </test-method> <!-- closeBrowser -->
      </class> <!-- dcaCmsTests.NPI_SearchByReceivedDate -->
      <class name="dcaCmsTests.NPI_SearchByEmailPhotoSend">
        <test-method status="PASS" signature="openBrowser()[pri:0, instance:dcaCmsTests.NPI_SearchByEmailPhotoSend@a4a92b]" name="openBrowser" is-config="true" duration-ms="11437" started-at="2017-01-24T23:53:40Z" finished-at="2017-01-24T23:53:52Z">
          <reporter-output>
          </reporter-output>
        </test-method> <!-- openBrowser -->
        <test-method status="PASS" signature="searchByEmailPhotoSend()[pri:0, instance:dcaCmsTests.NPI_SearchByEmailPhotoSend@a4a92b]" name="searchByEmailPhotoSend" duration-ms="31860" started-at="2017-01-24T23:53:52Z" finished-at="2017-01-24T23:54:23Z">
          <reporter-output>
          </reporter-output>
        </test-method> <!-- searchByEmailPhotoSend -->
        <test-method status="PASS" signature="closeBrowser()[pri:0, instance:dcaCmsTests.NPI_SearchByEmailPhotoSend@a4a92b]" name="closeBrowser" is-config="true" duration-ms="464" started-at="2017-01-24T23:54:23Z" finished-at="2017-01-24T23:54:24Z">
          <reporter-output>
          </reporter-output>
        </test-method> <!-- closeBrowser -->
      </class> <!-- dcaCmsTests.NPI_SearchByEmailPhotoSend -->
      <class name="dcaCmsTests.NPI_SearchByLatitude">
        <test-method status="PASS" signature="openBrowser()[pri:0, instance:dcaCmsTests.NPI_SearchByLatitude@18f23c]" name="openBrowser" is-config="true" duration-ms="10816" started-at="2017-01-24T23:49:45Z" finished-at="2017-01-24T23:49:55Z">
          <reporter-output>
          </reporter-output>
        </test-method> <!-- openBrowser -->
        <test-method status="PASS" signature="searchByLatitude()[pri:0, instance:dcaCmsTests.NPI_SearchByLatitude@18f23c]" name="searchByLatitude" duration-ms="27262" started-at="2017-01-24T23:49:55Z" finished-at="2017-01-24T23:50:23Z">
          <reporter-output>
          </reporter-output>
        </test-method> <!-- searchByLatitude -->
        <test-method status="PASS" signature="closeBrowser()[pri:0, instance:dcaCmsTests.NPI_SearchByLatitude@18f23c]" name="closeBrowser" is-config="true" duration-ms="303" started-at="2017-01-24T23:50:23Z" finished-at="2017-01-24T23:50:23Z">
          <reporter-output>
          </reporter-output>
        </test-method> <!-- closeBrowser -->
      </class> <!-- dcaCmsTests.NPI_SearchByLatitude -->
      <class name="dcaCmsTests.NPI_SortBYBarcode">
        <test-method status="PASS" signature="openBrowser()[pri:0, instance:dcaCmsTests.NPI_SortBYBarcode@d5c04e]" name="openBrowser" is-config="true" duration-ms="11578" started-at="2017-01-24T23:41:44Z" finished-at="2017-01-24T23:41:56Z">
          <reporter-output>
          </reporter-output>
        </test-method> <!-- openBrowser -->
        <test-method status="PASS" signature="barcode()[pri:0, instance:dcaCmsTests.NPI_SortBYBarcode@d5c04e]" name="barcode" duration-ms="33154" started-at="2017-01-24T23:41:56Z" finished-at="2017-01-24T23:42:29Z">
          <reporter-output>
          </reporter-output>
        </test-method> <!-- barcode -->
        <test-method status="PASS" signature="closeBrowser()[pri:0, instance:dcaCmsTests.NPI_SortBYBarcode@d5c04e]" name="closeBrowser" is-config="true" duration-ms="559" started-at="2017-01-24T23:42:29Z" finished-at="2017-01-24T23:42:30Z">
          <reporter-output>
          </reporter-output>
        </test-method> <!-- closeBrowser -->
      </class> <!-- dcaCmsTests.NPI_SortBYBarcode -->
      <class name="dcaCmsTests.CountryAlias_EditRow">
        <test-method status="PASS" signature="openBrowser()[pri:0, instance:dcaCmsTests.CountryAlias_EditRow@b39c39]" name="openBrowser" is-config="true" duration-ms="10910" started-at="2017-01-24T23:35:53Z" finished-at="2017-01-24T23:36:04Z">
          <reporter-output>
          </reporter-output>
        </test-method> <!-- openBrowser -->
        <test-method status="PASS" signature="aditRowRow()[pri:0, instance:dcaCmsTests.CountryAlias_EditRow@b39c39]" name="aditRowRow" duration-ms="44662" started-at="2017-01-24T23:36:04Z" finished-at="2017-01-24T23:36:48Z">
          <reporter-output>
          </reporter-output>
        </test-method> <!-- aditRowRow -->
        <test-method status="PASS" signature="closeBrowser()[pri:0, instance:dcaCmsTests.CountryAlias_EditRow@b39c39]" name="closeBrowser" is-config="true" duration-ms="366" started-at="2017-01-24T23:36:48Z" finished-at="2017-01-24T23:36:49Z">
          <reporter-output>
          </reporter-output>
        </test-method> <!-- closeBrowser -->
      </class> <!-- dcaCmsTests.CountryAlias_EditRow -->
      <class name="dcaCmsTests.NPI_SortBySendDate">
        <test-method status="PASS" signature="openBrowser()[pri:0, instance:dcaCmsTests.NPI_SortBySendDate@88ff2c]" name="openBrowser" is-config="true" duration-ms="11466" started-at="2017-01-24T23:45:04Z" finished-at="2017-01-24T23:45:16Z">
          <reporter-output>
          </reporter-output>
        </test-method> <!-- openBrowser -->
        <test-method status="PASS" signature="sortBySendDate()[pri:0, instance:dcaCmsTests.NPI_SortBySendDate@88ff2c]" name="sortBySendDate" duration-ms="26756" started-at="2017-01-24T23:45:16Z" finished-at="2017-01-24T23:45:42Z">
          <reporter-output>
          </reporter-output>
        </test-method> <!-- sortBySendDate -->
        <test-method status="PASS" signature="closeBrowser()[pri:0, instance:dcaCmsTests.NPI_SortBySendDate@88ff2c]" name="closeBrowser" is-config="true" duration-ms="527" started-at="2017-01-24T23:45:42Z" finished-at="2017-01-24T23:45:43Z">
          <reporter-output>
          </reporter-output>
        </test-method> <!-- closeBrowser -->
      </class> <!-- dcaCmsTests.NPI_SortBySendDate -->
      <class name="dcaCmsTests.NPI_SortByIsSynchronized">
        <test-method status="PASS" signature="openBrowser()[pri:0, instance:dcaCmsTests.NPI_SortByIsSynchronized@dca536]" name="openBrowser" is-config="true" duration-ms="10749" started-at="2017-01-24T23:47:01Z" finished-at="2017-01-24T23:47:12Z">
          <reporter-output>
          </reporter-output>
        </test-method> <!-- openBrowser -->
        <test-method status="PASS" signature="sortByIsSynchronized()[pri:0, instance:dcaCmsTests.NPI_SortByIsSynchronized@dca536]" name="sortByIsSynchronized" duration-ms="27563" started-at="2017-01-24T23:47:12Z" finished-at="2017-01-24T23:47:40Z">
          <reporter-output>
          </reporter-output>
        </test-method> <!-- sortByIsSynchronized -->
        <test-method status="PASS" signature="closeBrowser()[pri:0, instance:dcaCmsTests.NPI_SortByIsSynchronized@dca536]" name="closeBrowser" is-config="true" duration-ms="434" started-at="2017-01-24T23:47:40Z" finished-at="2017-01-24T23:47:40Z">
          <reporter-output>
          </reporter-output>
        </test-method> <!-- closeBrowser -->
      </class> <!-- dcaCmsTests.NPI_SortByIsSynchronized -->
      <class name="dcaCmsTests.NPI_PreviousButton">
        <test-method status="PASS" signature="openBrowser()[pri:0, instance:dcaCmsTests.NPI_PreviousButton@6a03af]" name="openBrowser" is-config="true" duration-ms="11125" started-at="2017-01-24T23:38:11Z" finished-at="2017-01-24T23:38:23Z">
          <reporter-output>
          </reporter-output>
        </test-method> <!-- openBrowser -->
        <test-method status="PASS" signature="previousButton()[pri:0, instance:dcaCmsTests.NPI_PreviousButton@6a03af]" name="previousButton" duration-ms="48425" started-at="2017-01-24T23:38:23Z" finished-at="2017-01-24T23:39:11Z">
          <reporter-output>
          </reporter-output>
        </test-method> <!-- previousButton -->
        <test-method status="PASS" signature="closeBrowser()[pri:0, instance:dcaCmsTests.NPI_PreviousButton@6a03af]" name="closeBrowser" is-config="true" duration-ms="374" started-at="2017-01-24T23:39:11Z" finished-at="2017-01-24T23:39:11Z">
          <reporter-output>
          </reporter-output>
        </test-method> <!-- closeBrowser -->
      </class> <!-- dcaCmsTests.NPI_PreviousButton -->
      <class name="dcaCmsTests.NPI_SortByCountryPhotoTaken">
        <test-method status="PASS" signature="openBrowser()[pri:0, instance:dcaCmsTests.NPI_SortByCountryPhotoTaken@3c1e69]" name="openBrowser" is-config="true" duration-ms="10729" started-at="2017-01-24T23:44:25Z" finished-at="2017-01-24T23:44:36Z">
          <reporter-output>
          </reporter-output>
        </test-method> <!-- openBrowser -->
        <test-method status="PASS" signature="sortByCountryPhotoTaken()[pri:0, instance:dcaCmsTests.NPI_SortByCountryPhotoTaken@3c1e69]" name="sortByCountryPhotoTaken" duration-ms="27413" started-at="2017-01-24T23:44:36Z" finished-at="2017-01-24T23:45:04Z">
          <reporter-output>
          </reporter-output>
        </test-method> <!-- sortByCountryPhotoTaken -->
        <test-method status="PASS" signature="closeBrowser()[pri:0, instance:dcaCmsTests.NPI_SortByCountryPhotoTaken@3c1e69]" name="closeBrowser" is-config="true" duration-ms="486" started-at="2017-01-24T23:45:04Z" finished-at="2017-01-24T23:45:04Z">
          <reporter-output>
          </reporter-output>
        </test-method> <!-- closeBrowser -->
      </class> <!-- dcaCmsTests.NPI_SortByCountryPhotoTaken -->
      <class name="dcaCmsTests.NPI_SortByLongitude">
        <test-method status="PASS" signature="openBrowser()[pri:0, instance:dcaCmsTests.NPI_SortByLongitude@af7cc2]" name="openBrowser" is-config="true" duration-ms="10504" started-at="2017-01-24T23:43:47Z" finished-at="2017-01-24T23:43:57Z">
          <reporter-output>
          </reporter-output>
        </test-method> <!-- openBrowser -->
        <test-method status="PASS" signature="sortByLongitude()[pri:0, instance:dcaCmsTests.NPI_SortByLongitude@af7cc2]" name="sortByLongitude" duration-ms="27726" started-at="2017-01-24T23:43:57Z" finished-at="2017-01-24T23:44:25Z">
          <reporter-output>
          </reporter-output>
        </test-method> <!-- sortByLongitude -->
        <test-method status="PASS" signature="closeBrowser()[pri:0, instance:dcaCmsTests.NPI_SortByLongitude@af7cc2]" name="closeBrowser" is-config="true" duration-ms="352" started-at="2017-01-24T23:44:25Z" finished-at="2017-01-24T23:44:25Z">
          <reporter-output>
          </reporter-output>
        </test-method> <!-- closeBrowser -->
      </class> <!-- dcaCmsTests.NPI_SortByLongitude -->
      <class name="dcaCmsTests.NPI_SearchByCountryPhotoSend">
        <test-method status="PASS" signature="openBrowser()[pri:0, instance:dcaCmsTests.NPI_SearchByCountryPhotoSend@5a99da]" name="openBrowser" is-config="true" duration-ms="11320" started-at="2017-01-24T23:54:24Z" finished-at="2017-01-24T23:54:35Z">
          <reporter-output>
          </reporter-output>
        </test-method> <!-- openBrowser -->
        <test-method status="PASS" signature="searchByCountryPhotoSend()[pri:0, instance:dcaCmsTests.NPI_SearchByCountryPhotoSend@5a99da]" name="searchByCountryPhotoSend" duration-ms="28373" started-at="2017-01-24T23:54:35Z" finished-at="2017-01-24T23:55:04Z">
          <reporter-output>
          </reporter-output>
        </test-method> <!-- searchByCountryPhotoSend -->
        <test-method status="PASS" signature="closeBrowser()[pri:0, instance:dcaCmsTests.NPI_SearchByCountryPhotoSend@5a99da]" name="closeBrowser" is-config="true" duration-ms="426" started-at="2017-01-24T23:55:04Z" finished-at="2017-01-24T23:55:04Z">
          <reporter-output>
          </reporter-output>
        </test-method> <!-- closeBrowser -->
      </class> <!-- dcaCmsTests.NPI_SearchByCountryPhotoSend -->
      <class name="dcaCmsTests.NPI_SearchById">
        <test-method status="PASS" signature="openBrowser()[pri:0, instance:dcaCmsTests.NPI_SearchById@f67ac7]" name="openBrowser" is-config="true" duration-ms="10652" started-at="2017-01-24T23:48:21Z" finished-at="2017-01-24T23:48:32Z">
          <reporter-output>
          </reporter-output>
        </test-method> <!-- openBrowser -->
        <test-method status="PASS" signature="searchById()[pri:0, instance:dcaCmsTests.NPI_SearchById@f67ac7]" name="searchById" duration-ms="29289" started-at="2017-01-24T23:48:32Z" finished-at="2017-01-24T23:49:01Z">
          <reporter-output>
          </reporter-output>
        </test-method> <!-- searchById -->
        <test-method status="PASS" signature="closeBrowser()[pri:0, instance:dcaCmsTests.NPI_SearchById@f67ac7]" name="closeBrowser" is-config="true" duration-ms="338" started-at="2017-01-24T23:49:01Z" finished-at="2017-01-24T23:49:01Z">
          <reporter-output>
          </reporter-output>
        </test-method> <!-- closeBrowser -->
      </class> <!-- dcaCmsTests.NPI_SearchById -->
      <class name="dcaCmsTests.NPI_NextButton">
        <test-method status="PASS" signature="openBrowser()[pri:0, instance:dcaCmsTests.NPI_NextButton@864e92]" name="openBrowser" is-config="true" duration-ms="11271" started-at="2017-01-24T23:40:08Z" finished-at="2017-01-24T23:40:19Z">
          <reporter-output>
          </reporter-output>
        </test-method> <!-- openBrowser -->
        <test-method status="PASS" signature="nextButton()[pri:0, instance:dcaCmsTests.NPI_NextButton@864e92]" name="nextButton" duration-ms="42085" started-at="2017-01-24T23:40:19Z" finished-at="2017-01-24T23:41:01Z">
          <reporter-output>
          </reporter-output>
        </test-method> <!-- nextButton -->
        <test-method status="PASS" signature="closeBrowser()[pri:0, instance:dcaCmsTests.NPI_NextButton@864e92]" name="closeBrowser" is-config="true" duration-ms="571" started-at="2017-01-24T23:41:01Z" finished-at="2017-01-24T23:41:01Z">
          <reporter-output>
          </reporter-output>
        </test-method> <!-- closeBrowser -->
      </class> <!-- dcaCmsTests.NPI_NextButton -->
      <class name="dcaCmsTests.ExitFunctionality">
        <test-method status="PASS" signature="openBrowser()[pri:0, instance:dcaCmsTests.ExitFunctionality@163e9ab]" name="openBrowser" is-config="true" duration-ms="11852" started-at="2017-01-24T23:58:15Z" finished-at="2017-01-24T23:58:27Z">
          <reporter-output>
          </reporter-output>
        </test-method> <!-- openBrowser -->
        <test-method status="PASS" signature="exitFunctionality()[pri:0, instance:dcaCmsTests.ExitFunctionality@163e9ab]" name="exitFunctionality" duration-ms="16847" started-at="2017-01-24T23:58:27Z" finished-at="2017-01-24T23:58:44Z">
          <reporter-output>
          </reporter-output>
        </test-method> <!-- exitFunctionality -->
        <test-method status="PASS" signature="closeBrowser()[pri:0, instance:dcaCmsTests.ExitFunctionality@163e9ab]" name="closeBrowser" is-config="true" duration-ms="258" started-at="2017-01-24T23:58:44Z" finished-at="2017-01-24T23:58:44Z">
          <reporter-output>
          </reporter-output>
        </test-method> <!-- closeBrowser -->
      </class> <!-- dcaCmsTests.ExitFunctionality -->
      <class name="dcaCmsTests.NPI_Tab">
        <test-method status="PASS" signature="openBrowser()[pri:0, instance:dcaCmsTests.NPI_Tab@107ec20]" name="openBrowser" is-config="true" duration-ms="11181" started-at="2017-01-24T23:37:38Z" finished-at="2017-01-24T23:37:50Z">
          <reporter-output>
          </reporter-output>
        </test-method> <!-- openBrowser -->
        <test-method status="PASS" signature="NPI_TabClick()[pri:0, instance:dcaCmsTests.NPI_Tab@107ec20]" name="NPI_TabClick" duration-ms="21158" started-at="2017-01-24T23:37:50Z" finished-at="2017-01-24T23:38:11Z">
          <reporter-output>
          </reporter-output>
        </test-method> <!-- NPI_TabClick -->
        <test-method status="PASS" signature="closeBrowser()[pri:0, instance:dcaCmsTests.NPI_Tab@107ec20]" name="closeBrowser" is-config="true" duration-ms="648" started-at="2017-01-24T23:38:11Z" finished-at="2017-01-24T23:38:11Z">
          <reporter-output>
          </reporter-output>
        </test-method> <!-- closeBrowser -->
      </class> <!-- dcaCmsTests.NPI_Tab -->
    </test> <!-- Test -->
  </suite> <!-- Suite -->
</testng-results>
