<?xml version="1.0" encoding="UTF-8"?>
<!-- Generated by org.testng.reporters.JUnitXMLReporter -->
<testsuite hostname="hp-PC" name="Test" tests="37" failures="1" timestamp="24 Jan 2017 18:28:44 GMT" time="1548.273" errors="0">
  <testcase name="loginTest" time="16.098" classname="dcaCmsTests.LoginFunctionality"/>
  <testcase name="loginTestInvalid" time="15.438" classname="dcaCmsTests.LoginFunctionality"/>
  <testcase name="countryAlias" time="15.821" classname="dcaCmsTests.CountryAlias"/>
  <testcase name="pageSearch" time="23.382" classname="dcaCmsTests.CountryAlias_PageSearch"/>
  <testcase name="addRow" time="28.859" classname="dcaCmsTests.CountryAlias_AddRow"/>
  <testcase name="aditRowRow" time="44.662" classname="dcaCmsTests.CountryAlias_EditRow"/>
  <testcase name="deleteRow" time="38.195" classname="dcaCmsTests.CountryAlias_DeleteRow"/>
  <testcase name="NPI_TabClick" time="21.158" classname="dcaCmsTests.NPI_Tab"/>
  <testcase name="previousButton" time="48.425" classname="dcaCmsTests.NPI_PreviousButton"/>
  <testcase name="pageNumberButtonClick" time="45.017" classname="dcaCmsTests.NPI_PageNumberButtonClick"/>
  <testcase name="nextButton" time="42.085" classname="dcaCmsTests.NPI_NextButton"/>
  <testcase name="sortById" time="31.395" classname="dcaCmsTests.NPI_SortById"/>
  <testcase name="barcode" time="33.154" classname="dcaCmsTests.NPI_SortBYBarcode"/>
  <testcase name="sortByDateImageTaken" time="26.501" classname="dcaCmsTests.NPI_SortByDateImageTaken"/>
  <testcase name="sortByLatitude" time="27.327" classname="dcaCmsTests.NPI_SortBYLatitude"/>
  <testcase name="sortByLongitude" time="27.726" classname="dcaCmsTests.NPI_SortByLongitude"/>
  <testcase name="sortByCountryPhotoTaken" time="27.413" classname="dcaCmsTests.NPI_SortByCountryPhotoTaken"/>
  <testcase name="sortBySendDate" time="26.756" classname="dcaCmsTests.NPI_SortBySendDate"/>
  <testcase name="sortByEmailPhotoSend" time="27.981" classname="dcaCmsTests.NPI_SortByEmailPhotoSend"/>
  <testcase name="sortByCountryPhotoSend" time="28.101" classname="dcaCmsTests.NPI_SortByCountryPhotoSend"/>
  <testcase name="sortByIsSynchronized" time="27.563" classname="dcaCmsTests.NPI_SortByIsSynchronized"/>
  <testcase name="sortBySyncDate" time="29.326" classname="dcaCmsTests.NPI_SortBySyncDate"/>
  <testcase name="searchById" time="29.289" classname="dcaCmsTests.NPI_SearchById"/>
  <testcase name="searchByBarcode" time="32.803" classname="dcaCmsTests.NPI_SearchByBarcode"/>
  <testcase name="searchByLatitude" time="27.262" classname="dcaCmsTests.NPI_SearchByLatitude"/>
  <testcase name="searchByLongitude" time="24.515" classname="dcaCmsTests.NPI_SearchByLongitude"/>
  <testcase name="searchByEmailPhotoTaken" time="27.848" classname="dcaCmsTests.NPI_SearchByEmailPhotoTaken"/>
  <testcase name="searchByCountryPhotoTaken" time="30.537" classname="dcaCmsTests.NPI_SearchByCountryPhotoTaken"/>
  <testcase name="searchBySendDate" time="28.444" classname="dcaCmsTests.NPI_SearchBySendDate"/>
  <testcase name="searchByReceivedDate" time="31.093" classname="dcaCmsTests.NPI_SearchByReceivedDate"/>
  <testcase name="searchByEmailPhotoSend" time="31.86" classname="dcaCmsTests.NPI_SearchByEmailPhotoSend"/>
  <testcase name="searchByCountryPhotoSend" time="28.373" classname="dcaCmsTests.NPI_SearchByCountryPhotoSend"/>
  <testcase name="SearchByComment" time="25.264" classname="dcaCmsTests.NPI_SearchByComment"/>
  <testcase name="searchByIsSynchronized" time="35.015" classname="dcaCmsTests.NPI_SearchByIsSynchronized"/>
  <testcase name="SearchBySyncDate" time="29.382" classname="dcaCmsTests.NPI_SearchBySyncDate"/>
  <testcase name="dataExportFunctionality" time="56.116" classname="dcaCmsTests.NPI_DataExportFunctionality">
    <failure type="java.io.IOException" message="The filename, directory name, or volume label syntax is incorrect">
      <![CDATA[java.io.IOException: The filename, directory name, or volume label syntax is incorrect
	at java.io.WinNTFileSystem.canonicalize0(Native Method)
	at java.io.WinNTFileSystem.canonicalize(WinNTFileSystem.java:428)
	at java.io.File.getCanonicalPath(File.java:618)
	at org.apache.commons.io.FileUtils.copyFile(FileUtils.java:1079)
	at org.apache.commons.io.FileUtils.copyFile(FileUtils.java:1038)
	at dcaCmsBase.Utility.captureScreenShot(Unknown Source)
	at dcaCmsPages.NPI_Page.dataExportFunctionality(Unknown Source)
	at dcaCmsTests.NPI_DataExportFunctionality.dataExportFunctionality(Unknown Source)
... Removed 23 stack frames]]>
    </failure>
  </testcase> <!-- dataExportFunctionality -->
  <testcase name="exitFunctionality" time="16.847" classname="dcaCmsTests.ExitFunctionality"/>
</testsuite> <!-- Test -->
