<?xml version="1.0" encoding="UTF-8"?>
<!-- Generated by org.testng.reporters.JUnitXMLReporter -->
<testsuite hostname="hp-PC" name="Test" tests="37" failures="0" timestamp="24 Jan 2017 17:19:36 GMT" time="0.313" errors="0">
  <testcase name="@BeforeMethod openBrowser" time="0.0" classname="dcaCmsTests.NPI_SortByLongitude">
    <failure type="java.lang.IllegalStateException" message="The driver executable does not exist: C:\Users\hp\workspace\DCA_CMS\.\Drivers\chromedriver">
      <![CDATA[java.lang.IllegalStateException: The driver executable does not exist: C:\Users\hp\workspace\DCA_CMS\.\Drivers\chromedriver
	at com.google.common.base.Preconditions.checkState(Preconditions.java:199)
	at org.openqa.selenium.remote.service.DriverService.checkExecutable(DriverService.java:121)
	at org.openqa.selenium.remote.service.DriverService.findExecutable(DriverService.java:116)
	at org.openqa.selenium.chrome.ChromeDriverService.access$0(ChromeDriverService.java:1)
	at org.openqa.selenium.chrome.ChromeDriverService$Builder.findDefaultExecutable(ChromeDriverService.java:137)
	at org.openqa.selenium.remote.service.DriverService$Builder.build(DriverService.java:296)
	at org.openqa.selenium.chrome.ChromeDriverService.createDefaultService(ChromeDriverService.java:88)
	at org.openqa.selenium.chrome.ChromeDriver.<init>(ChromeDriver.java:116)
	at dcaCmsBase.Base.setBrowser(Base.java:31)
	at dcaCmsBase.Base.openBrowser(Base.java:21)
... Removed 26 stack frames]]>
    </failure>
  </testcase> <!-- @BeforeMethod openBrowser -->
  <testcase name="@AfterMethod closeBrowser" time="0.0" classname="dcaCmsTests.NPI_SortByLongitude">
    <skipped/>
  </testcase> <!-- @AfterMethod closeBrowser -->
  <testcase name="@BeforeMethod openBrowser" time="0.0" classname="dcaCmsTests.CountryAlias">
    <skipped/>
  </testcase> <!-- @BeforeMethod openBrowser -->
  <testcase name="@AfterMethod closeBrowser" time="0.0" classname="dcaCmsTests.CountryAlias">
    <skipped/>
  </testcase> <!-- @AfterMethod closeBrowser -->
  <testcase name="@BeforeMethod openBrowser" time="0.0" classname="dcaCmsTests.NPI_Tab">
    <skipped/>
  </testcase> <!-- @BeforeMethod openBrowser -->
  <testcase name="@AfterMethod closeBrowser" time="0.0" classname="dcaCmsTests.NPI_Tab">
    <skipped/>
  </testcase> <!-- @AfterMethod closeBrowser -->
  <testcase name="@BeforeMethod openBrowser" time="0.0" classname="dcaCmsTests.NPI_SortBySendDate">
    <skipped/>
  </testcase> <!-- @BeforeMethod openBrowser -->
  <testcase name="@AfterMethod closeBrowser" time="0.0" classname="dcaCmsTests.NPI_SortBySendDate">
    <skipped/>
  </testcase> <!-- @AfterMethod closeBrowser -->
  <testcase name="@BeforeMethod openBrowser" time="0.0" classname="dcaCmsTests.NPI_SearchByReceivedDate">
    <skipped/>
  </testcase> <!-- @BeforeMethod openBrowser -->
  <testcase name="@AfterMethod closeBrowser" time="0.0" classname="dcaCmsTests.NPI_SearchByReceivedDate">
    <skipped/>
  </testcase> <!-- @AfterMethod closeBrowser -->
  <testcase name="@BeforeMethod openBrowser" time="0.0" classname="dcaCmsTests.NPI_SortById">
    <skipped/>
  </testcase> <!-- @BeforeMethod openBrowser -->
  <testcase name="@AfterMethod closeBrowser" time="0.0" classname="dcaCmsTests.NPI_SortById">
    <skipped/>
  </testcase> <!-- @AfterMethod closeBrowser -->
  <testcase name="@BeforeMethod openBrowser" time="0.0" classname="dcaCmsTests.NPI_SearchByEmailPhotoSend">
    <skipped/>
  </testcase> <!-- @BeforeMethod openBrowser -->
  <testcase name="@AfterMethod closeBrowser" time="0.0" classname="dcaCmsTests.NPI_SearchByEmailPhotoSend">
    <skipped/>
  </testcase> <!-- @AfterMethod closeBrowser -->
  <testcase name="@BeforeMethod openBrowser" time="0.0" classname="dcaCmsTests.NPI_SearchById">
    <skipped/>
  </testcase> <!-- @BeforeMethod openBrowser -->
  <testcase name="@AfterMethod closeBrowser" time="0.0" classname="dcaCmsTests.NPI_SearchById">
    <skipped/>
  </testcase> <!-- @AfterMethod closeBrowser -->
  <testcase name="@BeforeMethod openBrowser" time="0.0" classname="dcaCmsTests.CountryAlias_DeleteRow">
    <skipped/>
  </testcase> <!-- @BeforeMethod openBrowser -->
  <testcase name="@AfterMethod closeBrowser" time="0.0" classname="dcaCmsTests.CountryAlias_DeleteRow">
    <skipped/>
  </testcase> <!-- @AfterMethod closeBrowser -->
  <testcase name="@BeforeMethod openBrowser" time="0.0" classname="dcaCmsTests.NPI_SearchBySyncDate">
    <skipped/>
  </testcase> <!-- @BeforeMethod openBrowser -->
  <testcase name="@AfterMethod closeBrowser" time="0.0" classname="dcaCmsTests.NPI_SearchBySyncDate">
    <skipped/>
  </testcase> <!-- @AfterMethod closeBrowser -->
  <testcase name="@BeforeMethod openBrowser" time="0.0" classname="dcaCmsTests.NPI_SearchByComment">
    <skipped/>
  </testcase> <!-- @BeforeMethod openBrowser -->
  <testcase name="@AfterMethod closeBrowser" time="0.0" classname="dcaCmsTests.NPI_SearchByComment">
    <skipped/>
  </testcase> <!-- @AfterMethod closeBrowser -->
  <testcase name="@BeforeMethod openBrowser" time="0.0" classname="dcaCmsTests.NPI_SortByCountryPhotoSend">
    <skipped/>
  </testcase> <!-- @BeforeMethod openBrowser -->
  <testcase name="@AfterMethod closeBrowser" time="0.0" classname="dcaCmsTests.NPI_SortByCountryPhotoSend">
    <skipped/>
  </testcase> <!-- @AfterMethod closeBrowser -->
  <testcase name="@BeforeMethod openBrowser" time="0.0" classname="dcaCmsTests.NPI_SortBYLatitude">
    <skipped/>
  </testcase> <!-- @BeforeMethod openBrowser -->
  <testcase name="@AfterMethod closeBrowser" time="0.0" classname="dcaCmsTests.NPI_SortBYLatitude">
    <skipped/>
  </testcase> <!-- @AfterMethod closeBrowser -->
  <testcase name="@BeforeMethod openBrowser" time="0.0" classname="dcaCmsTests.LoginFunctionality">
    <skipped/>
  </testcase> <!-- @BeforeMethod openBrowser -->
  <testcase name="@AfterMethod closeBrowser" time="0.0" classname="dcaCmsTests.LoginFunctionality">
    <skipped/>
  </testcase> <!-- @AfterMethod closeBrowser -->
  <testcase name="@BeforeMethod openBrowser" time="0.0" classname="dcaCmsTests.LoginFunctionality">
    <skipped/>
  </testcase> <!-- @BeforeMethod openBrowser -->
  <testcase name="@AfterMethod closeBrowser" time="0.0" classname="dcaCmsTests.LoginFunctionality">
    <skipped/>
  </testcase> <!-- @AfterMethod closeBrowser -->
  <testcase name="@BeforeMethod openBrowser" time="0.0" classname="dcaCmsTests.NPI_SearchByLatitude">
    <skipped/>
  </testcase> <!-- @BeforeMethod openBrowser -->
  <testcase name="@AfterMethod closeBrowser" time="0.0" classname="dcaCmsTests.NPI_SearchByLatitude">
    <skipped/>
  </testcase> <!-- @AfterMethod closeBrowser -->
  <testcase name="@BeforeMethod openBrowser" time="0.0" classname="dcaCmsTests.NPI_SearchByCountryPhotoSend">
    <skipped/>
  </testcase> <!-- @BeforeMethod openBrowser -->
  <testcase name="@AfterMethod closeBrowser" time="0.0" classname="dcaCmsTests.NPI_SearchByCountryPhotoSend">
    <skipped/>
  </testcase> <!-- @AfterMethod closeBrowser -->
  <testcase name="@BeforeMethod openBrowser" time="0.0" classname="dcaCmsTests.NPI_SortByCountryPhotoTaken">
    <skipped/>
  </testcase> <!-- @BeforeMethod openBrowser -->
  <testcase name="@AfterMethod closeBrowser" time="0.0" classname="dcaCmsTests.NPI_SortByCountryPhotoTaken">
    <skipped/>
  </testcase> <!-- @AfterMethod closeBrowser -->
  <testcase name="@BeforeMethod openBrowser" time="0.0" classname="dcaCmsTests.NPI_SortByIsSynchronized">
    <skipped/>
  </testcase> <!-- @BeforeMethod openBrowser -->
  <testcase name="@AfterMethod closeBrowser" time="0.0" classname="dcaCmsTests.NPI_SortByIsSynchronized">
    <skipped/>
  </testcase> <!-- @AfterMethod closeBrowser -->
  <testcase name="@BeforeMethod openBrowser" time="0.0" classname="dcaCmsTests.NPI_SearchByIsSynchronized">
    <skipped/>
  </testcase> <!-- @BeforeMethod openBrowser -->
  <testcase name="@AfterMethod closeBrowser" time="0.0" classname="dcaCmsTests.NPI_SearchByIsSynchronized">
    <skipped/>
  </testcase> <!-- @AfterMethod closeBrowser -->
  <testcase name="@BeforeMethod openBrowser" time="0.0" classname="dcaCmsTests.NPI_SearchByBarcode">
    <skipped/>
  </testcase> <!-- @BeforeMethod openBrowser -->
  <testcase name="@AfterMethod closeBrowser" time="0.0" classname="dcaCmsTests.NPI_SearchByBarcode">
    <skipped/>
  </testcase> <!-- @AfterMethod closeBrowser -->
  <testcase name="@BeforeMethod openBrowser" time="0.0" classname="dcaCmsTests.NPI_NextButton">
    <skipped/>
  </testcase> <!-- @BeforeMethod openBrowser -->
  <testcase name="@AfterMethod closeBrowser" time="0.0" classname="dcaCmsTests.NPI_NextButton">
    <skipped/>
  </testcase> <!-- @AfterMethod closeBrowser -->
  <testcase name="@BeforeMethod openBrowser" time="0.0" classname="dcaCmsTests.CountryAlias_EditRow">
    <skipped/>
  </testcase> <!-- @BeforeMethod openBrowser -->
  <testcase name="@AfterMethod closeBrowser" time="0.0" classname="dcaCmsTests.CountryAlias_EditRow">
    <skipped/>
  </testcase> <!-- @AfterMethod closeBrowser -->
  <testcase name="@BeforeMethod openBrowser" time="0.0" classname="dcaCmsTests.CountryAlias_AddRow">
    <skipped/>
  </testcase> <!-- @BeforeMethod openBrowser -->
  <testcase name="@AfterMethod closeBrowser" time="0.0" classname="dcaCmsTests.CountryAlias_AddRow">
    <skipped/>
  </testcase> <!-- @AfterMethod closeBrowser -->
  <testcase name="@BeforeMethod openBrowser" time="0.0" classname="dcaCmsTests.NPI_SortBYBarcode">
    <skipped/>
  </testcase> <!-- @BeforeMethod openBrowser -->
  <testcase name="@AfterMethod closeBrowser" time="0.0" classname="dcaCmsTests.NPI_SortBYBarcode">
    <skipped/>
  </testcase> <!-- @AfterMethod closeBrowser -->
  <testcase name="@BeforeMethod openBrowser" time="0.0" classname="dcaCmsTests.NPI_SortBySyncDate">
    <skipped/>
  </testcase> <!-- @BeforeMethod openBrowser -->
  <testcase name="@AfterMethod closeBrowser" time="0.0" classname="dcaCmsTests.NPI_SortBySyncDate">
    <skipped/>
  </testcase> <!-- @AfterMethod closeBrowser -->
  <testcase name="@BeforeMethod openBrowser" time="0.0" classname="dcaCmsTests.ExitFunctionality">
    <skipped/>
  </testcase> <!-- @BeforeMethod openBrowser -->
  <testcase name="@AfterMethod closeBrowser" time="0.0" classname="dcaCmsTests.ExitFunctionality">
    <skipped/>
  </testcase> <!-- @AfterMethod closeBrowser -->
  <testcase name="@BeforeMethod openBrowser" time="0.0" classname="dcaCmsTests.NPI_SearchByEmailPhotoTaken">
    <skipped/>
  </testcase> <!-- @BeforeMethod openBrowser -->
  <testcase name="@AfterMethod closeBrowser" time="0.0" classname="dcaCmsTests.NPI_SearchByEmailPhotoTaken">
    <skipped/>
  </testcase> <!-- @AfterMethod closeBrowser -->
  <testcase name="@BeforeMethod openBrowser" time="0.0" classname="dcaCmsTests.NPI_SearchBySendDate">
    <skipped/>
  </testcase> <!-- @BeforeMethod openBrowser -->
  <testcase name="@AfterMethod closeBrowser" time="0.0" classname="dcaCmsTests.NPI_SearchBySendDate">
    <skipped/>
  </testcase> <!-- @AfterMethod closeBrowser -->
  <testcase name="@BeforeMethod openBrowser" time="0.0" classname="dcaCmsTests.NPI_PreviousButton">
    <skipped/>
  </testcase> <!-- @BeforeMethod openBrowser -->
  <testcase name="@AfterMethod closeBrowser" time="0.0" classname="dcaCmsTests.NPI_PreviousButton">
    <skipped/>
  </testcase> <!-- @AfterMethod closeBrowser -->
  <testcase name="@BeforeMethod openBrowser" time="0.0" classname="dcaCmsTests.NPI_DataExportFunctionality">
    <skipped/>
  </testcase> <!-- @BeforeMethod openBrowser -->
  <testcase name="@AfterMethod closeBrowser" time="0.0" classname="dcaCmsTests.NPI_DataExportFunctionality">
    <skipped/>
  </testcase> <!-- @AfterMethod closeBrowser -->
  <testcase name="@BeforeMethod openBrowser" time="0.0" classname="dcaCmsTests.NPI_SearchByLongitude">
    <skipped/>
  </testcase> <!-- @BeforeMethod openBrowser -->
  <testcase name="@AfterMethod closeBrowser" time="0.0" classname="dcaCmsTests.NPI_SearchByLongitude">
    <skipped/>
  </testcase> <!-- @AfterMethod closeBrowser -->
  <testcase name="@BeforeMethod openBrowser" time="0.0" classname="dcaCmsTests.NPI_PageNumberButtonClick">
    <skipped/>
  </testcase> <!-- @BeforeMethod openBrowser -->
  <testcase name="@AfterMethod closeBrowser" time="0.0" classname="dcaCmsTests.NPI_PageNumberButtonClick">
    <skipped/>
  </testcase> <!-- @AfterMethod closeBrowser -->
  <testcase name="@BeforeMethod openBrowser" time="0.0" classname="dcaCmsTests.NPI_SearchByCountryPhotoTaken">
    <skipped/>
  </testcase> <!-- @BeforeMethod openBrowser -->
  <testcase name="@AfterMethod closeBrowser" time="0.0" classname="dcaCmsTests.NPI_SearchByCountryPhotoTaken">
    <skipped/>
  </testcase> <!-- @AfterMethod closeBrowser -->
  <testcase name="@BeforeMethod openBrowser" time="0.0" classname="dcaCmsTests.CountryAlias_PageSearch">
    <skipped/>
  </testcase> <!-- @BeforeMethod openBrowser -->
  <testcase name="@AfterMethod closeBrowser" time="0.0" classname="dcaCmsTests.CountryAlias_PageSearch">
    <skipped/>
  </testcase> <!-- @AfterMethod closeBrowser -->
  <testcase name="@BeforeMethod openBrowser" time="0.0" classname="dcaCmsTests.NPI_SortByEmailPhotoSend">
    <skipped/>
  </testcase> <!-- @BeforeMethod openBrowser -->
  <testcase name="@AfterMethod closeBrowser" time="0.0" classname="dcaCmsTests.NPI_SortByEmailPhotoSend">
    <skipped/>
  </testcase> <!-- @AfterMethod closeBrowser -->
  <testcase name="@BeforeMethod openBrowser" time="0.0" classname="dcaCmsTests.NPI_SortByDateImageTaken">
    <skipped/>
  </testcase> <!-- @BeforeMethod openBrowser -->
  <testcase name="@AfterMethod closeBrowser" time="0.0" classname="dcaCmsTests.NPI_SortByDateImageTaken">
    <skipped/>
  </testcase> <!-- @AfterMethod closeBrowser -->
  <testcase name="sortByLongitude" time="0.001" classname="dcaCmsTests.NPI_SortByLongitude">
    <skipped/>
  </testcase> <!-- sortByLongitude -->
  <testcase name="countryAlias" time="0.002" classname="dcaCmsTests.CountryAlias">
    <skipped/>
  </testcase> <!-- countryAlias -->
  <testcase name="NPI_TabClick" time="0.001" classname="dcaCmsTests.NPI_Tab">
    <skipped/>
  </testcase> <!-- NPI_TabClick -->
  <testcase name="sortBySendDate" time="0.001" classname="dcaCmsTests.NPI_SortBySendDate">
    <skipped/>
  </testcase> <!-- sortBySendDate -->
  <testcase name="searchByReceivedDate" time="0.0" classname="dcaCmsTests.NPI_SearchByReceivedDate">
    <skipped/>
  </testcase> <!-- searchByReceivedDate -->
  <testcase name="sortById" time="0.001" classname="dcaCmsTests.NPI_SortById">
    <skipped/>
  </testcase> <!-- sortById -->
  <testcase name="searchByEmailPhotoSend" time="0.001" classname="dcaCmsTests.NPI_SearchByEmailPhotoSend">
    <skipped/>
  </testcase> <!-- searchByEmailPhotoSend -->
  <testcase name="searchById" time="0.0" classname="dcaCmsTests.NPI_SearchById">
    <skipped/>
  </testcase> <!-- searchById -->
  <testcase name="deleteRow" time="0.0" classname="dcaCmsTests.CountryAlias_DeleteRow">
    <skipped/>
  </testcase> <!-- deleteRow -->
  <testcase name="SearchBySyncDate" time="0.001" classname="dcaCmsTests.NPI_SearchBySyncDate">
    <skipped/>
  </testcase> <!-- SearchBySyncDate -->
  <testcase name="SearchByComment" time="0.0" classname="dcaCmsTests.NPI_SearchByComment">
    <skipped/>
  </testcase> <!-- SearchByComment -->
  <testcase name="sortByCountryPhotoSend" time="0.001" classname="dcaCmsTests.NPI_SortByCountryPhotoSend">
    <skipped/>
  </testcase> <!-- sortByCountryPhotoSend -->
  <testcase name="sortByLatitude" time="0.001" classname="dcaCmsTests.NPI_SortBYLatitude">
    <skipped/>
  </testcase> <!-- sortByLatitude -->
  <testcase name="loginTest" time="0.016" classname="dcaCmsTests.LoginFunctionality">
    <skipped/>
  </testcase> <!-- loginTest -->
  <testcase name="loginTestInvalid" time="0.001" classname="dcaCmsTests.LoginFunctionality">
    <skipped/>
  </testcase> <!-- loginTestInvalid -->
  <testcase name="searchByLatitude" time="0.001" classname="dcaCmsTests.NPI_SearchByLatitude">
    <skipped/>
  </testcase> <!-- searchByLatitude -->
  <testcase name="searchByCountryPhotoSend" time="0.001" classname="dcaCmsTests.NPI_SearchByCountryPhotoSend">
    <skipped/>
  </testcase> <!-- searchByCountryPhotoSend -->
  <testcase name="sortByCountryPhotoTaken" time="0.001" classname="dcaCmsTests.NPI_SortByCountryPhotoTaken">
    <skipped/>
  </testcase> <!-- sortByCountryPhotoTaken -->
  <testcase name="sortByIsSynchronized" time="0.001" classname="dcaCmsTests.NPI_SortByIsSynchronized">
    <skipped/>
  </testcase> <!-- sortByIsSynchronized -->
  <testcase name="searchByIsSynchronized" time="0.001" classname="dcaCmsTests.NPI_SearchByIsSynchronized">
    <skipped/>
  </testcase> <!-- searchByIsSynchronized -->
  <testcase name="searchByBarcode" time="0.002" classname="dcaCmsTests.NPI_SearchByBarcode">
    <skipped/>
  </testcase> <!-- searchByBarcode -->
  <testcase name="nextButton" time="0.004" classname="dcaCmsTests.NPI_NextButton">
    <skipped/>
  </testcase> <!-- nextButton -->
  <testcase name="aditRowRow" time="0.001" classname="dcaCmsTests.CountryAlias_EditRow">
    <skipped/>
  </testcase> <!-- aditRowRow -->
  <testcase name="addRow" time="0.001" classname="dcaCmsTests.CountryAlias_AddRow">
    <skipped/>
  </testcase> <!-- addRow -->
  <testcase name="barcode" time="0.0" classname="dcaCmsTests.NPI_SortBYBarcode">
    <skipped/>
  </testcase> <!-- barcode -->
  <testcase name="sortBySyncDate" time="0.0" classname="dcaCmsTests.NPI_SortBySyncDate">
    <skipped/>
  </testcase> <!-- sortBySyncDate -->
  <testcase name="exitFunctionality" time="0.003" classname="dcaCmsTests.ExitFunctionality">
    <skipped/>
  </testcase> <!-- exitFunctionality -->
  <testcase name="searchByEmailPhotoTaken" time="0.0" classname="dcaCmsTests.NPI_SearchByEmailPhotoTaken">
    <skipped/>
  </testcase> <!-- searchByEmailPhotoTaken -->
  <testcase name="searchBySendDate" time="0.001" classname="dcaCmsTests.NPI_SearchBySendDate">
    <skipped/>
  </testcase> <!-- searchBySendDate -->
  <testcase name="previousButton" time="0.0" classname="dcaCmsTests.NPI_PreviousButton">
    <skipped/>
  </testcase> <!-- previousButton -->
  <testcase name="dataExportFunctionality" time="0.0" classname="dcaCmsTests.NPI_DataExportFunctionality">
    <skipped/>
  </testcase> <!-- dataExportFunctionality -->
  <testcase name="searchByLongitude" time="0.0" classname="dcaCmsTests.NPI_SearchByLongitude">
    <skipped/>
  </testcase> <!-- searchByLongitude -->
  <testcase name="pageNumberButtonClick" time="0.0" classname="dcaCmsTests.NPI_PageNumberButtonClick">
    <skipped/>
  </testcase> <!-- pageNumberButtonClick -->
  <testcase name="searchByCountryPhotoTaken" time="0.017" classname="dcaCmsTests.NPI_SearchByCountryPhotoTaken">
    <skipped/>
  </testcase> <!-- searchByCountryPhotoTaken -->
  <testcase name="pageSearch" time="0.001" classname="dcaCmsTests.CountryAlias_PageSearch">
    <skipped/>
  </testcase> <!-- pageSearch -->
  <testcase name="sortByEmailPhotoSend" time="0.001" classname="dcaCmsTests.NPI_SortByEmailPhotoSend">
    <skipped/>
  </testcase> <!-- sortByEmailPhotoSend -->
  <testcase name="sortByDateImageTaken" time="0.001" classname="dcaCmsTests.NPI_SortByDateImageTaken">
    <skipped/>
  </testcase> <!-- sortByDateImageTaken -->
</testsuite> <!-- Test -->
